<?xml version="1.0" encoding="UTF-8"?>
<testng-results ignored="0" total="3" passed="3" failed="0" skipped="0">
  <reporter-output>
  </reporter-output>
  <suite started-at="2020-09-28T15:51:42Z" name="BDD Test Suite" finished-at="2020-09-28T15:52:45Z" duration-ms="62316">
    <groups>
      <group name="cucumber">
        <method signature="AbstractTestNGCucumberTests.runScenario(cucumber.api.testng.PickleEventWrapper, cucumber.api.testng.CucumberFeatureWrapper)[pri:0, instance:com.crowdar.bdd.cukes.TestNGSecuencialRunner@19d37183]" name="runScenario" class="cucumber.api.testng.AbstractTestNGCucumberTests"/>
      </group> <!-- cucumber -->
    </groups>
    <test started-at="2020-09-28T15:51:42Z" name="Login and Update Profile Test" finished-at="2020-09-28T15:52:45Z" duration-ms="62316">
      <class name="com.crowdar.bdd.cukes.TestNGSecuencialRunner">
        <test-method is-config="true" signature="setUpClass()[pri:0, instance:com.crowdar.bdd.cukes.TestNGSecuencialRunner@19d37183]" started-at="2020-09-28T15:51:42Z" name="setUpClass" finished-at="2020-09-28T15:51:43Z" duration-ms="257" status="PASS">
          <reporter-output>
          </reporter-output>
        </test-method> <!-- setUpClass -->
        <test-method signature="runScenario(cucumber.api.testng.PickleEventWrapper, cucumber.api.testng.CucumberFeatureWrapper)[pri:0, instance:com.crowdar.bdd.cukes.TestNGSecuencialRunner@19d37183]" started-at="2020-09-28T15:51:43Z" name="runScenario" description="Runs Cucumber Scenarios" data-provider="scenarios" finished-at="2020-09-28T15:52:05Z" duration-ms="22014" status="PASS">
          <params>
            <param index="0">
              <value>
                <![CDATA["Invalid Login"]]>
              </value>
            </param>
            <param index="1">
              <value>
                <![CDATA["As a potential client i want to interact with the login functionality"]]>
              </value>
            </param>
          </params>
          <reporter-output>
          </reporter-output>
        </test-method> <!-- runScenario -->
        <test-method signature="runScenario(cucumber.api.testng.PickleEventWrapper, cucumber.api.testng.CucumberFeatureWrapper)[pri:0, instance:com.crowdar.bdd.cukes.TestNGSecuencialRunner@19d37183]" started-at="2020-09-28T15:52:05Z" name="runScenario" description="Runs Cucumber Scenarios" data-provider="scenarios" finished-at="2020-09-28T15:52:24Z" duration-ms="19292" status="PASS">
          <params>
            <param index="0">
              <value>
                <![CDATA["Invalid Login"]]>
              </value>
            </param>
            <param index="1">
              <value>
                <![CDATA["As a potential client i want to interact with the login functionality"]]>
              </value>
            </param>
          </params>
          <reporter-output>
          </reporter-output>
        </test-method> <!-- runScenario -->
        <test-method signature="runScenario(cucumber.api.testng.PickleEventWrapper, cucumber.api.testng.CucumberFeatureWrapper)[pri:0, instance:com.crowdar.bdd.cukes.TestNGSecuencialRunner@19d37183]" started-at="2020-09-28T15:52:24Z" name="runScenario" description="Runs Cucumber Scenarios" data-provider="scenarios" finished-at="2020-09-28T15:52:44Z" duration-ms="20413" status="PASS">
          <params>
            <param index="0">
              <value>
                <![CDATA["Valid Login"]]>
              </value>
            </param>
            <param index="1">
              <value>
                <![CDATA["As a potential client i want to interact with the login functionality"]]>
              </value>
            </param>
          </params>
          <reporter-output>
          </reporter-output>
        </test-method> <!-- runScenario -->
        <test-method is-config="true" signature="tearDownClass()[pri:0, instance:com.crowdar.bdd.cukes.TestNGSecuencialRunner@19d37183]" started-at="2020-09-28T15:52:44Z" name="tearDownClass" finished-at="2020-09-28T15:52:45Z" duration-ms="303" status="PASS">
          <reporter-output>
          </reporter-output>
        </test-method> <!-- tearDownClass -->
      </class> <!-- com.crowdar.bdd.cukes.TestNGSecuencialRunner -->
    </test> <!-- Login and Update Profile Test -->
  </suite> <!-- BDD Test Suite -->
</testng-results>
