<?xml version="1.0" encoding="UTF-8"?>
<!-- Generated by org.testng.reporters.JUnitXMLReporter -->
<testsuite ignored="0" hostname="crowdar-Smart-Pro-Q4" failures="0" tests="3" name="Login and Update Profile Test" time="62.316" errors="0" timestamp="28 Sep 2020 15:52:45 GMT">
  <testcase classname="cucumber.api.testng.AbstractTestNGCucumberTests" name="runScenario" time="22.014"/>
  <testcase classname="cucumber.api.testng.AbstractTestNGCucumberTests" name="runScenario" time="19.292"/>
  <testcase classname="cucumber.api.testng.AbstractTestNGCucumberTests" name="runScenario" time="20.413"/>
</testsuite> <!-- Login and Update Profile Test -->
