<?xml version="1.0" encoding="UTF-8"?>
<!-- Generated by org.testng.reporters.JUnitXMLReporter -->
<testsuite ignored="0" hostname="crowdar-Smart-Pro-Q4" failures="0" tests="2" name="Login and Update Profile Test" time="50.868" errors="0" timestamp="05 Oct 2020 22:24:05 GMT">
  <testcase classname="cucumber.api.testng.AbstractTestNGCucumberTests" name="runScenario" time="20.987"/>
  <testcase classname="cucumber.api.testng.AbstractTestNGCucumberTests" name="runScenario" time="29.258"/>
</testsuite> <!-- Login and Update Profile Test -->
